Flow report for Quartus
Wed Jun 28 01:52:39 2023
Quartus II 64-Bit Version 13.1.0 Build 162 10/23/2013 SJ Web Edition


---------------------
; Table of Contents ;
---------------------
  1. Legal Notice
  2. Flow Summary
  3. Flow Settings
  4. Flow Non-Default Global Settings
  5. Flow Elapsed Time
  6. Flow OS Summary
  7. Flow Log
  8. Flow Messages
  9. Flow Suppressed Messages



----------------
; Legal Notice ;
----------------
Copyright (C) 1991-2013 Altera Corporation
Your use of Altera Corporation's design tools, logic functions 
and other software and tools, and its AMPP partner logic 
functions, and any output files from any of the foregoing 
(including device programming or simulation files), and any 
associated documentation or information are expressly subject 
to the terms and conditions of the Altera Program License 
Subscription Agreement, Altera MegaCore Function License 
Agreement, or other applicable license agreement, including, 
without limitation, that your use is for the sole purpose of 
programming logic devices manufactured by Altera and sold by 
Altera or its authorized distributors.  Please refer to the 
applicable agreement for further details.



+---------------------------------------------------------------------------------+
; Flow Summary                                                                    ;
+------------------------------------+--------------------------------------------+
; Flow Status                        ; Successful - Wed Jun 28 01:52:39 2023      ;
; Quartus II 64-Bit Version          ; 13.1.0 Build 162 10/23/2013 SJ Web Edition ;
; Revision Name                      ; Quartus                                    ;
; Top-level Entity Name              ; LDC                                        ;
; Family                             ; Cyclone IV GX                              ;
; Total logic elements               ; 544 / 21,280 ( 3 % )                       ;
;     Total combinational functions  ; 540 / 21,280 ( 3 % )                       ;
;     Dedicated logic registers      ; 74 / 21,280 ( < 1 % )                      ;
; Total registers                    ; 74                                         ;
; Total pins                         ; 52 / 167 ( 31 % )                          ;
; Total virtual pins                 ; 0                                          ;
; Total memory bits                  ; 0 / 774,144 ( 0 % )                        ;
; Embedded Multiplier 9-bit elements ; 0 / 80 ( 0 % )                             ;
; Total GXB Receiver Channel PCS     ; 0 / 4 ( 0 % )                              ;
; Total GXB Receiver Channel PMA     ; 0 / 4 ( 0 % )                              ;
; Total GXB Transmitter Channel PCS  ; 0 / 4 ( 0 % )                              ;
; Total GXB Transmitter Channel PMA  ; 0 / 4 ( 0 % )                              ;
; Total PLLs                         ; 0 / 4 ( 0 % )                              ;
; Device                             ; EP4CGX22CF19C6                             ;
; Timing Models                      ; Final                                      ;
+------------------------------------+--------------------------------------------+


+-----------------------------------------+
; Flow Settings                           ;
+-------------------+---------------------+
; Option            ; Setting             ;
+-------------------+---------------------+
; Start date & time ; 06/28/2023 01:52:10 ;
; Main task         ; Compilation         ;
; Revision Name     ; Quartus             ;
+-------------------+---------------------+


+----------------------------------------------------------------------------------------------------------------------+
; Flow Non-Default Global Settings                                                                                     ;
+-------------------------------------+---------------------------------+---------------+-------------+----------------+
; Assignment Name                     ; Value                           ; Default Value ; Entity Name ; Section Id     ;
+-------------------------------------+---------------------------------+---------------+-------------+----------------+
; COMPILER_SIGNATURE_ID               ; 180782532015187.168790453001316 ; --            ; --          ; --             ;
; EDA_OUTPUT_DATA_FORMAT              ; Vhdl                            ; --            ; --          ; eda_simulation ;
; EDA_SIMULATION_TOOL                 ; ModelSim-Altera (VHDL)          ; <None>        ; --          ; --             ;
; PARTITION_COLOR                     ; 16764057                        ; --            ; LDC         ; Top            ;
; PARTITION_FITTER_PRESERVATION_LEVEL ; PLACEMENT_AND_ROUTING           ; --            ; LDC         ; Top            ;
; PARTITION_NETLIST_TYPE              ; SOURCE                          ; --            ; LDC         ; Top            ;
; PROJECT_OUTPUT_DIRECTORY            ; output_files                    ; --            ; --          ; --             ;
; TOP_LEVEL_ENTITY                    ; LDC                             ; Quartus       ; --          ; --             ;
+-------------------------------------+---------------------------------+---------------+-------------+----------------+


+-------------------------------------------------------------------------------------------------------------------------------+
; Flow Elapsed Time                                                                                                             ;
+---------------------------+--------------+-------------------------+---------------------+------------------------------------+
; Module Name               ; Elapsed Time ; Average Processors Used ; Peak Virtual Memory ; Total CPU Time (on all processors) ;
+---------------------------+--------------+-------------------------+---------------------+------------------------------------+
; Analysis & Synthesis      ; 00:00:05     ; 1.0                     ; 4708 MB             ; 00:00:04                           ;
; Fitter                    ; 00:00:11     ; 1.3                     ; 5467 MB             ; 00:00:13                           ;
; Assembler                 ; 00:00:03     ; 1.0                     ; 4649 MB             ; 00:00:03                           ;
; TimeQuest Timing Analyzer ; 00:00:04     ; 1.0                     ; 4691 MB             ; 00:00:04                           ;
; EDA Netlist Writer        ; 00:00:03     ; 1.0                     ; 4615 MB             ; 00:00:03                           ;
; Total                     ; 00:00:26     ; --                      ; --                  ; 00:00:27                           ;
+---------------------------+--------------+-------------------------+---------------------+------------------------------------+


+----------------------------------------------------------------------------------------+
; Flow OS Summary                                                                        ;
+---------------------------+------------------+-----------+------------+----------------+
; Module Name               ; Machine Hostname ; OS Name   ; OS Version ; Processor type ;
+---------------------------+------------------+-----------+------------+----------------+
; Analysis & Synthesis      ; payam            ; Windows 7 ; 6.2        ; x86_64         ;
; Fitter                    ; payam            ; Windows 7 ; 6.2        ; x86_64         ;
; Assembler                 ; payam            ; Windows 7 ; 6.2        ; x86_64         ;
; TimeQuest Timing Analyzer ; payam            ; Windows 7 ; 6.2        ; x86_64         ;
; EDA Netlist Writer        ; payam            ; Windows 7 ; 6.2        ; x86_64         ;
+---------------------------+------------------+-----------+------------+----------------+


------------
; Flow Log ;
------------
quartus_map --read_settings_files=on --write_settings_files=off Quartus -c Quartus
quartus_fit --read_settings_files=off --write_settings_files=off Quartus -c Quartus
quartus_asm --read_settings_files=off --write_settings_files=off Quartus -c Quartus
quartus_sta Quartus -c Quartus
quartus_eda --read_settings_files=off --write_settings_files=off Quartus -c Quartus



